<?xml version="1.0" encoding="UTF-8" ?>
<testsuite errors="0" failures="0" hostname="Atlantia.local" name="com.flatironschool.javacs.WikiPhilosophyTest" skipped="0" tests="1" time="19.412" timestamp="2016-06-03T13:16:33">
  <properties>
    <property name="env.rvm_wrapper_name" value="" />
    <property name="file.encoding.pkg" value="sun.io" />
    <property name="env.ZSH" value="/Users/kevinliao/.alf/antigen/repos/https-COLON--SLASH--SLASH-github.com-SLASH-robbyrussell-SLASH-oh-my-zsh.git" />
    <property name="env.rvm_bin_path" value="/Users/kevinliao/.rvm/bin" />
    <property name="java.home" value="/Library/Java/JavaVirtualMachines/jdk1.8.0_74.jdk/Contents/Home/jre" />
    <property name="env.ALF_EPOCH" value="/Users/kevinliao/.alf/epoch" />
    <property name="env.DISPLAY" value="/private/tmp/com.apple.launchd.T5Zas1jV9w/org.macosforge.xquartz:0" />
    <property name="env.rvm_script_name" value="" />
    <property name="env.rvm_only_path_flag" value="" />
    <property name="java.endorsed.dirs" value="/Library/Java/JavaVirtualMachines/jdk1.8.0_74.jdk/Contents/Home/jre/lib/endorsed" />
    <property name="env.LOGNAME" value="kevinliao" />
    <property name="debuglevel" value="source,lines,vars" />
    <property name="env.ALF_SRC_FONTS" value="/Users/kevinliao/.alf/antigen/repos/https-COLON--SLASH--SLASH-github.com-SLASH-psyrendust-SLASH-alf.git/fonts" />
    <property name="env._system_version" value="10.11" />
    <property name="sun.os.patch.level" value="unknown" />
    <property name="java.vendor.url" value="http://java.oracle.com/" />
    <property name="env.ALF_SRC_TEMPLATES_CONFIG" value="/Users/kevinliao/.alf/antigen/repos/https-COLON--SLASH--SLASH-github.com-SLASH-psyrendust-SLASH-alf.git/templates/config" />
    <property name="java.version" value="1.8.0_74" />
    <property name="env.rvm_docs_type" value="" />
    <property name="env.HOMEBREW_CASK_OPTS" value="--appdir=/Applications --binarydir=/usr/local/bin --caskroom=/opt/homebrew-cask/Caskroom --fontdir=~/Library/Fonts --input_methoddir=~/Library/Input\ Methods --prefpanedir=~/Library/PreferencePanes --qlplugindir=~/Library/QuickLook --screen_saverdir=~/Library/Screen\ Savers --widgetdir=~/Library/Widgets" />
    <property name="env._system_type" value="Darwin" />
    <property name="env.rvm_ruby_make" value="" />
    <property name="env.OMZ_URL" value="https://github.com/robbyrussell/oh-my-zsh.git" />
    <property name="java.vendor.url.bug" value="http://bugreport.sun.com/bugreport/" />
    <property name="env.GEM_HOME" value="/Users/kevinliao/.rvm/gems/ruby-2.3.0" />
    <property name="env.rvm_nightly_flag" value="" />
    <property name="ant.project.invoked-targets" value="test" />
    <property name="env.RUBY_VERSION" value="ruby-2.3.0" />
    <property name="user.name" value="kevinliao" />
    <property name="env.LANG" value="en_US.UTF-8" />
    <property name="env.rvm_gemstone_url" value="" />
    <property name="sun.io.unicode.encoding" value="UnicodeBig" />
    <property name="env.rvm_quiet_flag" value="" />
    <property name="sun.jnu.encoding" value="UTF-8" />
    <property name="java.runtime.name" value="Java(TM) SE Runtime Environment" />
    <property name="env.ALF_CUSTOM_ALIASES" value="/Users/kevinliao/.alf/antigen/repos/https-COLON--SLASH--SLASH-github.com-SLASH-psyrendust-SLASH-alf.git/plugins/aliases/init.zsh" />
    <property name="env.rvm_silent_flag" value="" />
    <property name="java.specification.name" value="Java Platform API Specification" />
    <property name="user.timezone" value="" />
    <property name="path.separator" value=":" />
    <property name="env.ADOTDIR" value="/Users/kevinliao/.alf/antigen" />
    <property name="file.encoding" value="UTF-8" />
    <property name="ant.project.default-target" value="build" />
    <property name="env.rvm_gemstone_package_file" value="" />
    <property name="env.HOME" value="/Users/kevinliao" />
    <property name="sun.java.command" value="org.apache.tools.ant.taskdefs.optional.junit.JUnitTestRunner com.flatironschool.javacs.WikiPhilosophyTest skipNonTests=false filtertrace=true haltOnError=false haltOnFailure=false formatter=org.apache.tools.ant.taskdefs.optional.junit.OutErrSummaryJUnitResultFormatter showoutput=false outputtoformatters=true logfailedtests=true threadid=0 logtestlistenerevents=false formatter=org.apache.tools.ant.taskdefs.optional.junit.XMLJUnitResultFormatter,/Volumes/KEVIN_LIAO/Programming/Java/cs-wikipedia-philosophy-lab-codeU/javacs-lab05/junit/TEST-com.flatironschool.javacs.WikiPhilosophyTest.xml formatter=org.apache.tools.ant.taskdefs.optional.junit.PlainJUnitResultFormatter crashfile=/Volumes/KEVIN_LIAO/Programming/Java/cs-wikipedia-philosophy-lab-codeU/javacs-lab05/junitvmwatcher8685182770916766387.properties propsfile=/Volumes/KEVIN_LIAO/Programming/Java/cs-wikipedia-philosophy-lab-codeU/javacs-lab05/junit4126484950716078147.properties" />
    <property name="env.MANPATH" value="/usr/share/man:/usr/local/share/man:/opt/X11/share/man:/Library/TeX/Distributions/.DefaultTeX/Contents/Man:/Users/kevinliao/.alf/antigen/repos/https-COLON--SLASH--SLASH-github.com-SLASH-psyrendust-SLASH-alf.git/plugins/logr/man:/Users/kevinliao/.alf/antigen/repos/https-COLON--SLASH--SLASH-github.com-SLASH-psyrendust-SLASH-alf.git/plugins/server/man" />
    <property name="env.ALF_RPROMPT" value="/Users/kevinliao/.alf/rprompt" />
    <property name="env.rvm_proxy" value="" />
    <property name="ant.file" value="/Volumes/KEVIN_LIAO/Programming/Java/cs-wikipedia-philosophy-lab-codeU/javacs-lab05/build.xml" />
    <property name="env.ALF_SRC_TOOLS" value="/Users/kevinliao/.alf/antigen/repos/https-COLON--SLASH--SLASH-github.com-SLASH-psyrendust-SLASH-alf.git/tools" />
    <property name="env.JAVA_MAIN_CLASS_13502" value="org.apache.tools.ant.launch.Launcher" />
    <property name="env._system_name" value="OSX" />
    <property name="java.io.tmpdir" value="/var/folders/yp/8s1h6b5d4ms53b2rxr68t80m0000gn/T/" />
    <property name="user.language" value="en" />
    <property name="line.separator" value="&#xa;" />
    <property name="target" value="1.7" />
    <property name="ant.file.type" value="file" />
    <property name="env.ALF_CONFIG_WIN" value="/Users/kevinliao/.alf/config/win" />
    <property name="env.ALF_THEME" value="sindresorhus/pure" />
    <property name="java.vm.info" value="mixed mode" />
    <property name="source" value="1.7" />
    <property name="env.ALF_CONFIG_PRPROMPT_ID" value="%F{magenta}[ Alf ]%f" />
    <property name="java.vm.specification.name" value="Java Virtual Machine Specification" />
    <property name="env.__CF_USER_TEXT_ENCODING" value="0x1F5:0x0:0x0" />
    <property name="env.ALF_VERSION" value="/Users/kevinliao/.alf/version" />
    <property name="env.ALF_CUSTOM" value="/Users/kevinliao/.alf" />
    <property name="env.ALF_BACKUP" value="/Users/kevinliao/.alf/backup" />
    <property name="env.ALF_SRC_THEMES" value="/Users/kevinliao/.alf/antigen/repos/https-COLON--SLASH--SLASH-github.com-SLASH-psyrendust-SLASH-alf.git/themes" />
    <property name="env.ITERM_PROFILE" value="Flat Terminal fish" />
    <property name="env.rvm_path" value="/Users/kevinliao/.rvm" />
    <property name="env.GEM_PATH" value="/Users/kevinliao/.rvm/gems/ruby-2.3.0:/Users/kevinliao/.rvm/gems/ruby-2.3.0@global" />
    <property name="env.LC_CTYPE" value="en_US.UTF-8" />
    <property name="java.awt.printerjob" value="sun.lwawt.macosx.CPrinterJob" />
    <property name="env.ALF_RUN_ONCE" value="/Users/kevinliao/.alf/run-once" />
    <property name="ant.version" value="Apache Ant(TM) version 1.9.6 compiled on June 29 2015" />
    <property name="env.rvm_ruby_file" value="" />
    <property name="env.rvm_ruby_make_install" value="" />
    <property name="env.ALF_UPDATES" value="/Users/kevinliao/.alf/updates" />
    <property name="env.ALF_CONFIG_GIT" value="/Users/kevinliao/.alf/config/git" />
    <property name="env.XPC_FLAGS" value="0x0" />
    <property name="gopherProxySet" value="false" />
    <property name="env.ALF_SYMLINK" value="/Users/kevinliao/.alf/symlink" />
    <property name="os.name" value="Mac OS X" />
    <property name="java.specification.vendor" value="Oracle Corporation" />
    <property name="env.rvm_version" value="1.27.0 (latest)" />
    <property name="env.ALF_GRUNT_INIT" value="/Users/kevinliao/.grunt-init" />
    <property name="env.TERM" value="xterm-256color" />
    <property name="java.vm.name" value="Java HotSpot(TM) 64-Bit Server VM" />
    <property name="java.library.path" value="/Users/kevinliao/Library/Java/Extensions:/Library/Java/Extensions:/Network/Library/Java/Extensions:/System/Library/Java/Extensions:/usr/lib/java:." />
    <property name="env.rvm_prefix" value="/Users/kevinliao" />
    <property name="env.PATH" value="/Users/kevinliao/.rvm/gems/ruby-2.3.0/bin:/Users/kevinliao/.rvm/gems/ruby-2.3.0@global/bin:/Users/kevinliao/.rvm/rubies/ruby-2.3.0/bin:/Users/kevinliao/.rvm/bin:/usr/local/bin:/Users/kevinliao/.alf/antigen/repos/https-COLON--SLASH--SLASH-github.com-SLASH-psyrendust-SLASH-alf.git/plugins/ksreview/bin:/Users/kevinliao/.alf/antigen/repos/https-COLON--SLASH--SLASH-github.com-SLASH-psyrendust-SLASH-alf.git/plugins/murder/bin:/Users/kevinliao/.alf/antigen/repos/https-COLON--SLASH--SLASH-github.com-SLASH-psyrendust-SLASH-alf.git/plugins/pretty-print/bin:/Users/kevinliao/.alf/antigen/repos/https-COLON--SLASH--SLASH-github.com-SLASH-psyrendust-SLASH-alf.git/plugins/process/bin:/Users/kevinliao/.alf/antigen/repos/https-COLON--SLASH--SLASH-github.com-SLASH-psyrendust-SLASH-alf.git/plugins/run-once/bin:/Users/kevinliao/.alf/antigen/repos/https-COLON--SLASH--SLASH-github.com-SLASH-psyrendust-SLASH-alf.git/plugins/logr/bin:/Users/kevinliao/.alf/antigen/repos/https-COLON--SLASH--SLASH-github.com-SLASH-psyrendust-SLASH-alf.git/plugins/server/bin:/Users/kevinliao/.alf/antigen/repos/https-COLON--SLASH--SLASH-github.com-SLASH-psyrendust-SLASH-alf.git/plugins/osx-ksreview/bin:/usr/bin:/bin:/usr/sbin:/sbin:/Users/kevinliao/go/bin:/Users/kevinliao/.cargo/bin" />
    <property name="ant.java.version" value="1.8" />
    <property name="basedir" value="/Volumes/KEVIN_LIAO/Programming/Java/cs-wikipedia-philosophy-lab-codeU/javacs-lab05" />
    <property name="java.class.version" value="52.0" />
    <property name="env.SHLVL" value="3" />
    <property name="ant.home" value="/usr/local/Cellar/ant/1.9.6/libexec" />
    <property name="env.rvm_ruby_mode" value="" />
    <property name="env.ALF_CONFIG_SSH" value="/Users/kevinliao/.alf/config/ssh" />
    <property name="ant.file.JavaCS" value="/Volumes/KEVIN_LIAO/Programming/Java/cs-wikipedia-philosophy-lab-codeU/javacs-lab05/build.xml" />
    <property name="env._system_arch" value="x86_64" />
    <property name="sun.boot.library.path" value="/Library/Java/JavaVirtualMachines/jdk1.8.0_74.jdk/Contents/Home/jre/lib" />
    <property name="env.ALF_CONFIG" value="/Users/kevinliao/.alf/config" />
    <property name="sun.management.compiler" value="HotSpot 64-Bit Tiered Compilers" />
    <property name="java.awt.graphicsenv" value="sun.awt.CGraphicsEnvironment" />
    <property name="env.GOPATH" value="/Users/kevinliao/go" />
    <property name="env.ZSH_UNAME" value="Darwin" />
    <property name="env.rvm_niceness" value="" />
    <property name="env.USER" value="kevinliao" />
    <property name="ant.file.type.JavaCS" value="file" />
    <property name="env.TERM_PROGRAM" value="iTerm.app" />
    <property name="env.LSCOLORS" value="Gxfxcxdxbxegedabagacad" />
    <property name="ant.project.name" value="JavaCS" />
    <property name="env.ALF_LOGR" value="/Users/kevinliao/.alf/logr" />
    <property name="env.LESS" value="-R" />
    <property name="java.vm.specification.version" value="1.8" />
    <property name="env.ALF_SRC_PLUGINS" value="/Users/kevinliao/.alf/antigen/repos/https-COLON--SLASH--SLASH-github.com-SLASH-psyrendust-SLASH-alf.git/plugins" />
    <property name="env.ZSH_CUSTOM" value="/Users/kevinliao/.alf/antigen/repos/https-COLON--SLASH--SLASH-github.com-SLASH-psyrendust-SLASH-alf.git" />
    <property name="env.PLATFORM_IS_MAC" value="1" />
    <property name="awt.toolkit" value="sun.lwawt.macosx.LWCToolkit" />
    <property name="env.MY_RUBY_HOME" value="/Users/kevinliao/.rvm/rubies/ruby-2.3.0" />
    <property name="sun.cpu.isalist" value="" />
    <property name="env.ALF_SRC_GIT_HOOKS" value="/Users/kevinliao/.alf/antigen/repos/https-COLON--SLASH--SLASH-github.com-SLASH-psyrendust-SLASH-alf.git/git-hooks" />
    <property name="java.ext.dirs" value="/Users/kevinliao/Library/Java/Extensions:/Library/Java/JavaVirtualMachines/jdk1.8.0_74.jdk/Contents/Home/jre/lib/ext:/Library/Java/Extensions:/Network/Library/Java/Extensions:/System/Library/Java/Extensions:/usr/lib/java" />
    <property name="os.version" value="10.11.5" />
    <property name="env.rvm_sdk" value="" />
    <property name="user.home" value="/Users/kevinliao" />
    <property name="java.vm.vendor" value="Oracle Corporation" />
    <property name="junit.output.dir" value="junit" />
    <property name="env.XPC_SERVICE_NAME" value="0" />
    <property name="user.dir" value="/Volumes/KEVIN_LIAO/Programming/Java/cs-wikipedia-philosophy-lab-codeU" />
    <property name="env.ALF_UPDATE_DAYS" value="60" />
    <property name="env.PWD" value="/Volumes/KEVIN_LIAO/Programming/Java/cs-wikipedia-philosophy-lab-codeU" />
    <property name="env.rvm_bin_flag" value="" />
    <property name="sun.cpu.endian" value="little" />
    <property name="env.PAGER" value="less" />
    <property name="env.TMPDIR" value="/var/folders/yp/8s1h6b5d4ms53b2rxr68t80m0000gn/T/" />
    <property name="java.vm.version" value="25.74-b02" />
    <property name="java.class.path" value="/Volumes/KEVIN_LIAO/Programming/Java/cs-wikipedia-philosophy-lab-codeU/javacs-lab05/bin:/Volumes/KEVIN_LIAO/Programming/Java/cs-wikipedia-philosophy-lab-codeU/javacs-lab05/lib/jsoup-1.8.3.jar:/Volumes/KEVIN_LIAO/Programming/Java/cs-wikipedia-philosophy-lab-codeU/javacs-lab05/lib/junit-4.12.jar:/Volumes/KEVIN_LIAO/Programming/Java/cs-wikipedia-philosophy-lab-codeU/javacs-lab05/lib/hamcrest-core-1.3.jar:/usr/local/Cellar/ant/1.9.6/libexec/lib/ant-launcher.jar:/usr/local/Cellar/ant/1.9.6/libexec/lib/ant.jar:/usr/local/Cellar/ant/1.9.6/libexec/lib/ant-junit.jar:/usr/local/Cellar/ant/1.9.6/libexec/lib/ant-junit4.jar" />
    <property name="ant.library.dir" value="/usr/local/Cellar/ant/1.9.6/libexec/lib" />
    <property name="os.arch" value="x86_64" />
    <property name="env.Apple_PubSub_Socket_Render" value="/private/tmp/com.apple.launchd.BPRK0x1x8h/Render" />
    <property name="env.ALF_URL" value="https://github.com/psyrendust/alf.git" />
    <property name="sun.java.launcher" value="SUN_STANDARD" />
    <property name="ant.core.lib" value="/usr/local/Cellar/ant/1.9.6/libexec/lib/ant.jar" />
    <property name="java.vm.specification.vendor" value="Oracle Corporation" />
    <property name="file.separator" value="/" />
    <property name="env.ALF_CUSTOM_KEY_BINDINGS" value="/Users/kevinliao/.alf/antigen/repos/https-COLON--SLASH--SLASH-github.com-SLASH-psyrendust-SLASH-alf.git/plugins/key-bindings/init.zsh" />
    <property name="env.ALF_SRC_TEMPLATES" value="/Users/kevinliao/.alf/antigen/repos/https-COLON--SLASH--SLASH-github.com-SLASH-psyrendust-SLASH-alf.git/templates" />
    <property name="java.runtime.version" value="1.8.0_74-b02" />
    <property name="env.ALF_SRC" value="/Users/kevinliao/.alf/antigen/repos/https-COLON--SLASH--SLASH-github.com-SLASH-psyrendust-SLASH-alf.git" />
    <property name="env.SSH_AUTH_SOCK" value="/private/tmp/com.apple.launchd.2LwTju4ggR/Listeners" />
    <property name="sun.boot.class.path" value="/Library/Java/JavaVirtualMachines/jdk1.8.0_74.jdk/Contents/Home/jre/lib/resources.jar:/Library/Java/JavaVirtualMachines/jdk1.8.0_74.jdk/Contents/Home/jre/lib/rt.jar:/Library/Java/JavaVirtualMachines/jdk1.8.0_74.jdk/Contents/Home/jre/lib/sunrsasign.jar:/Library/Java/JavaVirtualMachines/jdk1.8.0_74.jdk/Contents/Home/jre/lib/jsse.jar:/Library/Java/JavaVirtualMachines/jdk1.8.0_74.jdk/Contents/Home/jre/lib/jce.jar:/Library/Java/JavaVirtualMachines/jdk1.8.0_74.jdk/Contents/Home/jre/lib/charsets.jar:/Library/Java/JavaVirtualMachines/jdk1.8.0_74.jdk/Contents/Home/jre/lib/jfr.jar:/Library/Java/JavaVirtualMachines/jdk1.8.0_74.jdk/Contents/Home/jre/classes" />
    <property name="env.PLATFORM_IS_ALL" value="1" />
    <property name="env.rvm_alias_expanded" value="" />
    <property name="env.rvm_ruby_bits" value="" />
    <property name="env.rvm_use_flag" value="" />
    <property name="env.ALF_PROCESS" value="/Users/kevinliao/.alf/process" />
    <property name="user.country" value="US" />
    <property name="env.SHELL" value="/usr/local/bin/zsh" />
    <property name="env.rvm_hook" value="" />
    <property name="java.vendor" value="Oracle Corporation" />
    <property name="java.specification.version" value="1.8" />
    <property name="env.IRBRC" value="/Users/kevinliao/.rvm/rubies/ruby-2.3.0/.irbrc" />
    <property name="sun.arch.data.model" value="64" />
    <property name="env.ITERM_SESSION_ID" value="w0t0p1" />
  </properties>
  <testcase classname="com.flatironschool.javacs.WikiPhilosophyTest" name="testMain" time="19.35" />
  <system-out><![CDATA[Fetching from url: https://en.wikipedia.org/wiki/Java_(programming_language)
Breaking!
Fetching from url: https://en.wikipedia.org/wiki/Programming_language
Breaking!
Fetching from url: https://en.wikipedia.org/wiki/Formal_language
Breaking!
Fetching from url: https://en.wikipedia.org/wiki/Mathematics
Breaking!
Fetching from url: https://en.wikipedia.org/wiki/Ancient_Greek
Breaking!
Fetching from url: https://en.wikipedia.org/wiki/Greek_language
Breaking!
Fetching from url: https://en.wikipedia.org/wiki/Modern_Greek
Breaking!
Fetching from url: https://en.wikipedia.org/wiki/Help:IPA_for_Greek
Breaking!
Fetching from url: https://en.wikipedia.org/wiki/International_Phonetic_Alphabet
Breaking!
Fetching from url: https://en.wikipedia.org/wiki/Alphabet
Breaking!
Fetching from url: https://en.wikipedia.org/wiki/Letter_(alphabet)
Breaking!
Fetching from url: https://en.wikipedia.org/wiki/Grapheme
Breaking!
Fetching from url: https://en.wikipedia.org/wiki/Linguistics
Breaking!
Fetching from url: https://en.wikipedia.org/wiki/Science
Breaking!
Fetching from url: https://en.wikipedia.org/wiki/Knowledge
Breaking!
Fetching from url: https://en.wikipedia.org/wiki/Awareness
Breaking!
Fetching from url: https://en.wikipedia.org/wiki/Conscious
Breaking!
Fetching from url: https://en.wikipedia.org/wiki/Quality_(philosophy)
Breaking!
Found philosophy. 
https://en.wikipedia.org/wiki/Quality_(philosophy)
https://en.wikipedia.org/wiki/Conscious
https://en.wikipedia.org/wiki/Awareness
https://en.wikipedia.org/wiki/Knowledge
https://en.wikipedia.org/wiki/Science
https://en.wikipedia.org/wiki/Linguistics
https://en.wikipedia.org/wiki/Grapheme
https://en.wikipedia.org/wiki/Letter_(alphabet)
https://en.wikipedia.org/wiki/Alphabet
https://en.wikipedia.org/wiki/International_Phonetic_Alphabet
https://en.wikipedia.org/wiki/Help:IPA_for_Greek
https://en.wikipedia.org/wiki/Modern_Greek
https://en.wikipedia.org/wiki/Greek_language
https://en.wikipedia.org/wiki/Ancient_Greek
https://en.wikipedia.org/wiki/Mathematics
https://en.wikipedia.org/wiki/Formal_language
https://en.wikipedia.org/wiki/Programming_language
https://en.wikipedia.org/wiki/Java_(programming_language)
]]></system-out>
  <system-err><![CDATA[]]></system-err>
</testsuite>
